<?xml version="1.0" encoding="UTF-8"?>
<!-- Generated by org.testng.reporters.JUnitXMLReporter -->
<testsuite ignored="0" hostname="WKWZTeW08v41NWG" failures="0" tests="25" name="Test" time="49.504" errors="0" timestamp="2022-11-25T15:36:45 IST">
  <testcase classname="day3.AssertionDemo" name="test1" time="0.008"/>
  <testcase classname="day3.TestNG1" name="createAccount" time="0.006"/>
  <testcase classname="day3.AssertionDemo" name="test2" time="0.002"/>
  <testcase classname="day3.TestNG1" name="deleteAccount" time="0.001"/>
  <testcase classname="day3.TestNG1" name="logoutAccount" time="0.002"/>
  <testcase classname="day3.TestNG1" name="login" time="0.0"/>
  <testcase classname="day1.MyFirstSeleniumScript3" name="test2" time="3.886"/>
  <testcase classname="day3.Ineuron" name="test22" time="3.942"/>
  <testcase classname="day3.AssertionDemo" name="test3" time="0.001"/>
  <testcase classname="day1.MyFirstSeleniumScript" name="test" time="7.075"/>
  <testcase classname="day1.MyFirstSeleniumScript4" name="test3" time="4.57"/>
  <testcase classname="day2.AlertHandling" name="test5" time="4.558"/>
  <testcase classname="day2.Calender" name="test6" time="7.49"/>
  <testcase classname="day2.HandleAutoSuggestion" name="test7" time="15.225"/>
  <testcase classname="day3.LoginTest" name="verifyForgetPassword" time="0.058"/>
  <testcase classname="day3.LoginTest" name="verifySocialMediaCount" time="0.017"/>
  <testcase classname="day1.Orange" name="test4" time="32.06"/>
  <testcase classname="day2.HandleDynamicElements" name="test8" time="20.525"/>
  <testcase classname="day3.LoginTest" name="verifyTitle" time="0.006"/>
  <testcase classname="day3.LoginVerification" name="emptyUsernamePassword" time="0.115"/>
  <testcase classname="day3.LoginVerification" name="emptyPassword" time="0.173"/>
  <testcase classname="day3.LoginVerification" name="emptyUsername" time="0.207"/>
  <testcase classname="day3.LoginVerification" name="invalidCredintial" time="0.868"/>
  <testcase classname="day3.LoginTest" name="verifyUrl" time="0.314"/>
  <testcase classname="day1.Facebook" name="xtest" time="13.427"/>
</testsuite> <!-- Test -->
