<?xml version="1.0" encoding="UTF-8"?>
<!-- Generated by org.testng.reporters.JUnitXMLReporter -->
<testsuite ignored="0" hostname="WKWZTeW08v41NWG" failures="0" tests="25" name="Test" time="46.284" errors="0" timestamp="2022-11-25T15:38:16 IST">
  <testcase classname="day3.TestNG1" name="createAccount" time="0.005"/>
  <testcase classname="day3.AssertionDemo" name="test1" time="0.006"/>
  <testcase classname="day3.AssertionDemo" name="test2" time="0.0"/>
  <testcase classname="day3.TestNG1" name="deleteAccount" time="0.0"/>
  <testcase classname="day3.TestNG1" name="logoutAccount" time="0.0"/>
  <testcase classname="day3.TestNG1" name="login" time="0.001"/>
  <testcase classname="day1.MyFirstSeleniumScript3" name="test2" time="3.802"/>
  <testcase classname="day3.Ineuron" name="test22" time="3.815"/>
  <testcase classname="day3.AssertionDemo" name="test3" time="0.001"/>
  <testcase classname="day1.MyFirstSeleniumScript" name="test" time="7.098"/>
  <testcase classname="day1.MyFirstSeleniumScript4" name="test3" time="4.482"/>
  <testcase classname="day2.AlertHandling" name="test5" time="5.8"/>
  <testcase classname="day2.Calender" name="test6" time="7.721"/>
  <testcase classname="day2.HandleAutoSuggestion" name="test7" time="14.203"/>
  <testcase classname="day3.LoginTest" name="verifyForgetPassword" time="0.043"/>
  <testcase classname="day1.Orange" name="test4" time="29.753"/>
  <testcase classname="day3.LoginTest" name="verifySocialMediaCount" time="0.037"/>
  <testcase classname="day2.HandleDynamicElements" name="test8" time="21.149"/>
  <testcase classname="day3.LoginTest" name="verifyTitle" time="0.005"/>
  <testcase classname="day3.LoginVerification" name="emptyUsernamePassword" time="0.153"/>
  <testcase classname="day3.LoginVerification" name="emptyPassword" time="0.209"/>
  <testcase classname="day3.LoginVerification" name="emptyUsername" time="0.218"/>
  <testcase classname="day3.LoginVerification" name="invalidCredintial" time="1.051"/>
  <testcase classname="day3.LoginTest" name="verifyUrl" time="0.004"/>
  <testcase classname="day1.Facebook" name="xtest" time="12.671"/>
</testsuite> <!-- Test -->
