<?xml version="1.0" encoding="UTF-8"?>
<testng-results ignored="0" total="25" passed="25" failed="0" skipped="0">
  <reporter-output>
  </reporter-output>
  <suite started-at="2022-11-25T15:37:30 IST" name="Suite" finished-at="2022-11-25T15:38:16 IST" duration-ms="46284">
    <groups>
    </groups>
    <test started-at="2022-11-25T15:37:30 IST" name="Test" finished-at="2022-11-25T15:38:16 IST" duration-ms="46284">
      <class name="day3.AssertionDemo">
        <test-method signature="test1()[pri:0, instance:day3.AssertionDemo@437da279]" started-at="2022-11-25T15:37:30 IST" name="test1" finished-at="2022-11-25T15:37:30 IST" duration-ms="6" status="PASS">
          <reporter-output>
          </reporter-output>
        </test-method> <!-- test1 -->
        <test-method signature="test2()[pri:0, instance:day3.AssertionDemo@437da279]" started-at="2022-11-25T15:37:30 IST" name="test2" finished-at="2022-11-25T15:37:30 IST" duration-ms="0" status="PASS">
          <reporter-output>
          </reporter-output>
        </test-method> <!-- test2 -->
        <test-method signature="test3()[pri:0, instance:day3.AssertionDemo@437da279]" started-at="2022-11-25T15:37:33 IST" name="test3" finished-at="2022-11-25T15:37:33 IST" depends-on-methods="day3.AssertionDemo.test2" duration-ms="1" status="PASS">
          <reporter-output>
          </reporter-output>
        </test-method> <!-- test3 -->
      </class> <!-- day3.AssertionDemo -->
      <class name="day3.TestNG1">
        <test-method signature="createAccount()[pri:0, instance:day3.TestNG1@550dbc7a]" started-at="2022-11-25T15:37:30 IST" name="createAccount" finished-at="2022-11-25T15:37:30 IST" duration-ms="5" status="PASS">
          <reporter-output>
          </reporter-output>
        </test-method> <!-- createAccount -->
        <test-method signature="logoutAccount()[pri:1, instance:day3.TestNG1@550dbc7a]" started-at="2022-11-25T15:37:30 IST" name="logoutAccount" finished-at="2022-11-25T15:37:30 IST" duration-ms="0" status="PASS">
          <reporter-output>
          </reporter-output>
        </test-method> <!-- logoutAccount -->
        <test-method signature="login()[pri:2, instance:day3.TestNG1@550dbc7a]" started-at="2022-11-25T15:37:30 IST" name="login" finished-at="2022-11-25T15:37:30 IST" duration-ms="1" status="PASS">
          <reporter-output>
          </reporter-output>
        </test-method> <!-- login -->
        <test-method signature="deleteAccount()[pri:0, instance:day3.TestNG1@550dbc7a]" started-at="2022-11-25T15:37:30 IST" name="deleteAccount" finished-at="2022-11-25T15:37:30 IST" duration-ms="0" status="PASS">
          <reporter-output>
          </reporter-output>
        </test-method> <!-- deleteAccount -->
      </class> <!-- day3.TestNG1 -->
      <class name="day2.Calender">
        <test-method signature="test6()[pri:0, instance:day2.Calender@1e1a0406]" started-at="2022-11-25T15:37:38 IST" name="test6" finished-at="2022-11-25T15:37:46 IST" duration-ms="7721" status="PASS">
          <reporter-output>
          </reporter-output>
        </test-method> <!-- test6 -->
      </class> <!-- day2.Calender -->
      <class name="day2.AlertHandling">
        <test-method signature="test5()[pri:0, instance:day2.AlertHandling@290222c1]" started-at="2022-11-25T15:37:37 IST" name="test5" finished-at="2022-11-25T15:37:43 IST" duration-ms="5800" status="PASS">
          <reporter-output>
          </reporter-output>
        </test-method> <!-- test5 -->
      </class> <!-- day2.AlertHandling -->
      <class name="day1.MyFirstSeleniumScript4">
        <test-method signature="test3()[pri:0, instance:day1.MyFirstSeleniumScript4@3cebbb30]" started-at="2022-11-25T15:37:33 IST" name="test3" finished-at="2022-11-25T15:37:38 IST" duration-ms="4482" status="PASS">
          <reporter-output>
          </reporter-output>
        </test-method> <!-- test3 -->
      </class> <!-- day1.MyFirstSeleniumScript4 -->
      <class name="day1.MyFirstSeleniumScript">
        <test-method signature="test()[pri:0, instance:day1.MyFirstSeleniumScript@6253c26]" started-at="2022-11-25T15:37:30 IST" name="test" finished-at="2022-11-25T15:37:37 IST" duration-ms="7098" status="PASS">
          <reporter-output>
          </reporter-output>
        </test-method> <!-- test -->
      </class> <!-- day1.MyFirstSeleniumScript -->
      <class name="day3.LoginVerification">
        <test-method is-config="true" signature="setup()[pri:0, instance:day3.LoginVerification@49049a04]" started-at="2022-11-25T15:38:07 IST" name="setup" finished-at="2022-11-25T15:38:12 IST" duration-ms="4841" status="PASS">
          <reporter-output>
          </reporter-output>
        </test-method> <!-- setup -->
        <test-method signature="emptyUsernamePassword()[pri:1, instance:day3.LoginVerification@49049a04]" started-at="2022-11-25T15:38:12 IST" name="emptyUsernamePassword" finished-at="2022-11-25T15:38:12 IST" duration-ms="153" status="PASS">
          <reporter-output>
          </reporter-output>
        </test-method> <!-- emptyUsernamePassword -->
        <test-method signature="emptyPassword()[pri:2, instance:day3.LoginVerification@49049a04]" started-at="2022-11-25T15:38:12 IST" name="emptyPassword" finished-at="2022-11-25T15:38:12 IST" duration-ms="209" status="PASS">
          <reporter-output>
          </reporter-output>
        </test-method> <!-- emptyPassword -->
        <test-method signature="emptyUsername()[pri:3, instance:day3.LoginVerification@49049a04]" started-at="2022-11-25T15:38:12 IST" name="emptyUsername" finished-at="2022-11-25T15:38:12 IST" duration-ms="218" status="PASS">
          <reporter-output>
          </reporter-output>
        </test-method> <!-- emptyUsername -->
        <test-method signature="invalidCredintial()[pri:4, instance:day3.LoginVerification@49049a04]" started-at="2022-11-25T15:38:12 IST" name="invalidCredintial" finished-at="2022-11-25T15:38:13 IST" duration-ms="1051" status="PASS">
          <reporter-output>
          </reporter-output>
        </test-method> <!-- invalidCredintial -->
        <test-method is-config="true" signature="teardown()[pri:0, instance:day3.LoginVerification@49049a04]" started-at="2022-11-25T15:38:13 IST" name="teardown" finished-at="2022-11-25T15:38:14 IST" duration-ms="244" status="PASS">
          <reporter-output>
          </reporter-output>
        </test-method> <!-- teardown -->
      </class> <!-- day3.LoginVerification -->
      <class name="day1.Facebook">
        <test-method signature="xtest()[pri:0, instance:day1.Facebook@12aba8be]" started-at="2022-11-25T15:38:03 IST" name="xtest" finished-at="2022-11-25T15:38:16 IST" duration-ms="12671" status="PASS">
          <reporter-output>
          </reporter-output>
        </test-method> <!-- xtest -->
      </class> <!-- day1.Facebook -->
      <class name="day1.MyFirstSeleniumScript3">
        <test-method signature="test2()[pri:0, instance:day1.MyFirstSeleniumScript3@67f639d3]" started-at="2022-11-25T15:37:30 IST" name="test2" finished-at="2022-11-25T15:37:33 IST" duration-ms="3802" status="PASS">
          <reporter-output>
          </reporter-output>
        </test-method> <!-- test2 -->
      </class> <!-- day1.MyFirstSeleniumScript3 -->
      <class name="day3.Ineuron">
        <test-method signature="test22()[pri:0, instance:day3.Ineuron@23c30a20]" started-at="2022-11-25T15:37:30 IST" name="test22" finished-at="2022-11-25T15:37:33 IST" duration-ms="3815" status="PASS">
          <reporter-output>
          </reporter-output>
        </test-method> <!-- test22 -->
      </class> <!-- day3.Ineuron -->
      <class name="day2.HandleDynamicElements">
        <test-method signature="test8()[pri:0, instance:day2.HandleDynamicElements@2c1b194a]" started-at="2022-11-25T15:37:46 IST" name="test8" finished-at="2022-11-25T15:38:07 IST" duration-ms="21149" status="PASS">
          <reporter-output>
          </reporter-output>
        </test-method> <!-- test8 -->
      </class> <!-- day2.HandleDynamicElements -->
      <class name="day2.HandleAutoSuggestion">
        <test-method signature="test7()[pri:0, instance:day2.HandleAutoSuggestion@32502377]" started-at="2022-11-25T15:37:43 IST" name="test7" finished-at="2022-11-25T15:37:57 IST" duration-ms="14203" status="PASS">
          <reporter-output>
          </reporter-output>
        </test-method> <!-- test7 -->
      </class> <!-- day2.HandleAutoSuggestion -->
      <class name="day1.Orange">
        <test-method signature="test4()[pri:0, instance:day1.Orange@957e06]" started-at="2022-11-25T15:37:33 IST" name="test4" finished-at="2022-11-25T15:38:03 IST" duration-ms="29753" status="PASS">
          <reporter-output>
          </reporter-output>
        </test-method> <!-- test4 -->
      </class> <!-- day1.Orange -->
      <class name="day3.LoginTest">
        <test-method is-config="true" signature="setup()[pri:0, instance:day3.LoginTest@47987356]" started-at="2022-11-25T15:37:57 IST" name="setup" finished-at="2022-11-25T15:38:01 IST" duration-ms="4505" status="PASS">
          <reporter-output>
          </reporter-output>
        </test-method> <!-- setup -->
        <test-method signature="verifyForgetPassword()[pri:0, instance:day3.LoginTest@47987356]" started-at="2022-11-25T15:38:01 IST" name="verifyForgetPassword" finished-at="2022-11-25T15:38:01 IST" duration-ms="43" status="PASS">
          <reporter-output>
          </reporter-output>
        </test-method> <!-- verifyForgetPassword -->
        <test-method is-config="true" signature="teardown()[pri:0, instance:day3.LoginTest@47987356]" started-at="2022-11-25T15:38:01 IST" name="teardown" finished-at="2022-11-25T15:38:01 IST" duration-ms="129" status="PASS">
          <reporter-output>
          </reporter-output>
        </test-method> <!-- teardown -->
        <test-method is-config="true" signature="setup()[pri:0, instance:day3.LoginTest@47987356]" started-at="2022-11-25T15:38:01 IST" name="setup" finished-at="2022-11-25T15:38:06 IST" duration-ms="4247" status="PASS">
          <reporter-output>
          </reporter-output>
        </test-method> <!-- setup -->
        <test-method signature="verifySocialMediaCount()[pri:0, instance:day3.LoginTest@47987356]" started-at="2022-11-25T15:38:06 IST" name="verifySocialMediaCount" finished-at="2022-11-25T15:38:06 IST" duration-ms="37" status="PASS">
          <reporter-output>
          </reporter-output>
        </test-method> <!-- verifySocialMediaCount -->
        <test-method is-config="true" signature="teardown()[pri:0, instance:day3.LoginTest@47987356]" started-at="2022-11-25T15:38:06 IST" name="teardown" finished-at="2022-11-25T15:38:06 IST" duration-ms="326" status="PASS">
          <reporter-output>
          </reporter-output>
        </test-method> <!-- teardown -->
        <test-method is-config="true" signature="setup()[pri:0, instance:day3.LoginTest@47987356]" started-at="2022-11-25T15:38:06 IST" name="setup" finished-at="2022-11-25T15:38:11 IST" duration-ms="4945" status="PASS">
          <reporter-output>
          </reporter-output>
        </test-method> <!-- setup -->
        <test-method signature="verifyTitle()[pri:0, instance:day3.LoginTest@47987356]" started-at="2022-11-25T15:38:11 IST" name="verifyTitle" finished-at="2022-11-25T15:38:11 IST" duration-ms="5" status="PASS">
          <reporter-output>
          </reporter-output>
        </test-method> <!-- verifyTitle -->
        <test-method is-config="true" signature="teardown()[pri:0, instance:day3.LoginTest@47987356]" started-at="2022-11-25T15:38:11 IST" name="teardown" finished-at="2022-11-25T15:38:11 IST" duration-ms="339" status="PASS">
          <reporter-output>
          </reporter-output>
        </test-method> <!-- teardown -->
        <test-method is-config="true" signature="setup()[pri:0, instance:day3.LoginTest@47987356]" started-at="2022-11-25T15:38:11 IST" name="setup" finished-at="2022-11-25T15:38:15 IST" duration-ms="3989" status="PASS">
          <reporter-output>
          </reporter-output>
        </test-method> <!-- setup -->
        <test-method signature="verifyUrl()[pri:0, instance:day3.LoginTest@47987356]" started-at="2022-11-25T15:38:15 IST" name="verifyUrl" finished-at="2022-11-25T15:38:15 IST" duration-ms="4" status="PASS">
          <reporter-output>
          </reporter-output>
        </test-method> <!-- verifyUrl -->
        <test-method is-config="true" signature="teardown()[pri:0, instance:day3.LoginTest@47987356]" started-at="2022-11-25T15:38:15 IST" name="teardown" finished-at="2022-11-25T15:38:15 IST" duration-ms="187" status="PASS">
          <reporter-output>
          </reporter-output>
        </test-method> <!-- teardown -->
      </class> <!-- day3.LoginTest -->
    </test> <!-- Test -->
  </suite> <!-- Suite -->
</testng-results>
